#
# A fatal error has been detected by the Java Runtime Environment:
#
#  Internal Error (constantTag.cpp:65), pid=8608, tid=5840
#  Error: ShouldNotReachHere()
#
# JRE version: OpenJDK Runtime Environment (16.0.2+7) (build 16.0.2+7-67)
# Java VM: OpenJDK 64-Bit Server VM (16.0.2+7-67, mixed mode, tiered, compressed oops, compressed class ptrs, g1 gc, windows-amd64)
# No core dump will be written. Minidumps are not enabled by default on client versions of Windows
#
# If you would like to submit a bug report, please visit:
#   https://bugreport.java.com/bugreport/crash.jsp
#

---------------  S U M M A R Y ------------

Command Line: -XX:+ShowCodeDetailsInExceptionMessages -agentlib:jdwp=transport=dt_socket,suspend=y,address=localhost:58712 -javaagent:C:\Users\sarag\Desktop\eclipse\configuration\org.eclipse.osgi\415\0\.cp\lib\javaagent-shaded.jar -Dfile.encoding=UTF-8 n1fase3.Main

Host: AMD Ryzen 5 3350G with Radeon Vega Graphics    , 8 cores, 15G,  Windows 10 , 64 bit Build 19041 (10.0.19041.1348)
Time: Wed Jan 12 10:35:47 2022 Hora estándar Europa Occidental elapsed time: 528.716241 seconds (0d 0h 8m 48s)

---------------  T H R E A D  ---------------

Current thread (0x000001f01e4029c0):  VMThread "VM Thread" [stack: 0x0000005b00200000,0x0000005b00300000] [id=5840]

Stack: [0x0000005b00200000,0x0000005b00300000]
Native frames: (J=compiled Java code, j=interpreted, Vv=VM code, C=native code)
V  [jvm.dll+0x6681ca]
V  [jvm.dll+0x7c9e69]
V  [jvm.dll+0x7cb61e]
V  [jvm.dll+0x7cbc27]
V  [jvm.dll+0x242bbc]
V  [jvm.dll+0x242b03]
V  [jvm.dll+0x23e1ff]
V  [jvm.dll+0x23855d]
V  [jvm.dll+0x32dea0]
V  [jvm.dll+0x32f72e]
V  [jvm.dll+0x32cdaf]
V  [jvm.dll+0x32c037]
V  [jvm.dll+0x656cce]
V  [jvm.dll+0x6569d3]
V  [jvm.dll+0x61c1e8]
V  [jvm.dll+0x7c18f5]
V  [jvm.dll+0x520446]
V  [jvm.dll+0x7d00ab]
V  [jvm.dll+0x7d0da4]
V  [jvm.dll+0x7d12a9]
V  [jvm.dll+0x7d1564]
V  [jvm.dll+0x7d1630]
V  [jvm.dll+0x7795aa]
V  [jvm.dll+0x667066]
C  [ucrtbase.dll+0x21bb2]
C  [KERNEL32.DLL+0x17034]
C  [ntdll.dll+0x52651]

VM_Operation (0x0000005b00dff150): get/set locals, mode: safepoint, requested by thread 0x000001f01e6d6e80


---------------  P R O C E S S  ---------------

Threads class SMR info:
_java_thread_list=0x000001f01e88cf80, length=15, elements={
0x000001f07ed328c0, 0x000001f01e440010, 0x000001f01e440de0, 0x000001f01e42ccb0,
0x000001f01e42d7c0, 0x000001f01e46ea00, 0x000001f01e474c40, 0x000001f01e475490,
0x000001f01e457ff0, 0x000001f01e458550, 0x000001f01e5213d0, 0x000001f01e6d6e80,
0x000001f01e7970a0, 0x000001f01e7977d0, 0x000001f01e885840
}

Java Threads: ( => current thread )
  0x000001f07ed328c0 JavaThread "main" [_thread_blocked, id=9412, stack(0x0000005b7fc00000,0x0000005b7fd00000)]
  0x000001f01e440010 JavaThread "Reference Handler" daemon [_thread_blocked, id=12640, stack(0x0000005b00300000,0x0000005b00400000)]
  0x000001f01e440de0 JavaThread "Finalizer" daemon [_thread_blocked, id=7784, stack(0x0000005b00400000,0x0000005b00500000)]
  0x000001f01e42ccb0 JavaThread "Signal Dispatcher" daemon [_thread_blocked, id=14196, stack(0x0000005b00500000,0x0000005b00600000)]
  0x000001f01e42d7c0 JavaThread "Attach Listener" daemon [_thread_blocked, id=6900, stack(0x0000005b00600000,0x0000005b00700000)]
  0x000001f01e46ea00 JavaThread "Service Thread" daemon [_thread_blocked, id=7664, stack(0x0000005b00700000,0x0000005b00800000)]
  0x000001f01e474c40 JavaThread "Monitor Deflation Thread" daemon [_thread_blocked, id=6000, stack(0x0000005b00800000,0x0000005b00900000)]
  0x000001f01e475490 JavaThread "C2 CompilerThread0" daemon [_thread_blocked, id=9048, stack(0x0000005b00900000,0x0000005b00a00000)]
  0x000001f01e457ff0 JavaThread "C1 CompilerThread0" daemon [_thread_blocked, id=1180, stack(0x0000005b00a00000,0x0000005b00b00000)]
  0x000001f01e458550 JavaThread "Sweeper thread" daemon [_thread_blocked, id=9400, stack(0x0000005b00b00000,0x0000005b00c00000)]
  0x000001f01e5213d0 JavaThread "Common-Cleaner" daemon [_thread_blocked, id=7388, stack(0x0000005b00c00000,0x0000005b00d00000)]
  0x000001f01e6d6e80 JavaThread "JDWP Transport Listener: dt_socket" daemon [_thread_blocked, id=1448, stack(0x0000005b00d00000,0x0000005b00e00000)]
  0x000001f01e7970a0 JavaThread "JDWP Event Helper Thread" daemon [_thread_blocked, id=2008, stack(0x0000005b00e00000,0x0000005b00f00000)]
  0x000001f01e7977d0 JavaThread "JDWP Command Reader" daemon [_thread_in_native, id=14288, stack(0x0000005b00f00000,0x0000005b01000000)]
  0x000001f01e885840 JavaThread "Notification Thread" daemon [_thread_blocked, id=4544, stack(0x0000005b01000000,0x0000005b01100000)]

Other Threads:
=>0x000001f01e4029c0 VMThread "VM Thread" [stack: 0x0000005b00200000,0x0000005b00300000] [id=5840]
  0x000001f01e886570 WatcherThread [stack: 0x0000005b01100000,0x0000005b01200000] [id=14160]
  0x000001f07ed81c90 GCTaskThread "GC Thread#0" [stack: 0x0000005b7fd00000,0x0000005b7fe00000] [id=8148]
  0x000001f07ed94b40 ConcurrentGCThread "G1 Main Marker" [stack: 0x0000005b7fe00000,0x0000005b7ff00000] [id=4964]
  0x000001f07ed96880 ConcurrentGCThread "G1 Conc#0" [stack: 0x0000005b7ff00000,0x0000005b80000000] [id=4872]
  0x000001f01d6c20c0 ConcurrentGCThread "G1 Refine#0" [stack: 0x0000005b00000000,0x0000005b00100000] [id=4196]
  0x000001f01d6c3a60 ConcurrentGCThread "G1 Service" [stack: 0x0000005b00100000,0x0000005b00200000] [id=13972]

Threads with active compile tasks:

VM state: at safepoint (normal execution)

VM Mutex/Monitor currently owned by a thread:  ([mutex/lock_event])
[0x000001f07ed2e3b0] Threads_lock - owner thread: 0x000001f01e4029c0

Heap address: 0x0000000700c00000, size: 4084 MB, Compressed Oops mode: Zero based, Oop shift amount: 3

CDS disabled.
Compressed class space mapped at: 0x0000000800000000-0x0000000840000000, reserved size: 1073741824
Narrow klass base: 0x0000000800000000, Narrow klass shift: 0, Narrow klass range: 0x40000000

GC Precious Log:
 CPUs: 8 total, 8 available
 Memory: 16332M
 Large Page Support: Disabled
 NUMA Support: Disabled
 Compressed Oops: Enabled (Zero based)
 Heap Region Size: 2M
 Heap Min Capacity: 8M
 Heap Initial Capacity: 256M
 Heap Max Capacity: 4084M
 Pre-touch: Disabled
 Parallel Workers: 8
 Concurrent Workers: 2
 Concurrent Refinement Workers: 8
 Periodic GC: Disabled

Heap:
 garbage-first heap   total 262144K, used 4096K [0x0000000700c00000, 0x0000000800000000)
  region size 2048K, 3 young (6144K), 0 survivors (0K)
 Metaspace       used 9249K, committed 9408K, reserved 1064960K
  class space    used 787K, committed 832K, reserved 1048576K

Heap Regions: E=young(eden), S=young(survivor), O=old, HS=humongous(starts), HC=humongous(continues), CS=collection set, F=free, OA=open archive, CA=closed archive, TAMS=top-at-mark-start (previous, next)
|   0|0x0000000700c00000, 0x0000000700c00000, 0x0000000700e00000|  0%| F|  |TAMS 0x0000000700c00000, 0x0000000700c00000| Untracked 
|   1|0x0000000700e00000, 0x0000000700e00000, 0x0000000701000000|  0%| F|  |TAMS 0x0000000700e00000, 0x0000000700e00000| Untracked 
|   2|0x0000000701000000, 0x0000000701000000, 0x0000000701200000|  0%| F|  |TAMS 0x0000000701000000, 0x0000000701000000| Untracked 
|   3|0x0000000701200000, 0x0000000701200000, 0x0000000701400000|  0%| F|  |TAMS 0x0000000701200000, 0x0000000701200000| Untracked 
|   4|0x0000000701400000, 0x0000000701400000, 0x0000000701600000|  0%| F|  |TAMS 0x0000000701400000, 0x0000000701400000| Untracked 
|   5|0x0000000701600000, 0x0000000701600000, 0x0000000701800000|  0%| F|  |TAMS 0x0000000701600000, 0x0000000701600000| Untracked 
|   6|0x0000000701800000, 0x0000000701800000, 0x0000000701a00000|  0%| F|  |TAMS 0x0000000701800000, 0x0000000701800000| Untracked 
|   7|0x0000000701a00000, 0x0000000701a00000, 0x0000000701c00000|  0%| F|  |TAMS 0x0000000701a00000, 0x0000000701a00000| Untracked 
|   8|0x0000000701c00000, 0x0000000701c00000, 0x0000000701e00000|  0%| F|  |TAMS 0x0000000701c00000, 0x0000000701c00000| Untracked 
|   9|0x0000000701e00000, 0x0000000701e00000, 0x0000000702000000|  0%| F|  |TAMS 0x0000000701e00000, 0x0000000701e00000| Untracked 
|  10|0x0000000702000000, 0x0000000702000000, 0x0000000702200000|  0%| F|  |TAMS 0x0000000702000000, 0x0000000702000000| Untracked 
|  11|0x0000000702200000, 0x0000000702200000, 0x0000000702400000|  0%| F|  |TAMS 0x0000000702200000, 0x0000000702200000| Untracked 
|  12|0x0000000702400000, 0x0000000702400000, 0x0000000702600000|  0%| F|  |TAMS 0x0000000702400000, 0x0000000702400000| Untracked 
|  13|0x0000000702600000, 0x0000000702600000, 0x0000000702800000|  0%| F|  |TAMS 0x0000000702600000, 0x0000000702600000| Untracked 
|  14|0x0000000702800000, 0x0000000702800000, 0x0000000702a00000|  0%| F|  |TAMS 0x0000000702800000, 0x0000000702800000| Untracked 
|  15|0x0000000702a00000, 0x0000000702a00000, 0x0000000702c00000|  0%| F|  |TAMS 0x0000000702a00000, 0x0000000702a00000| Untracked 
|  16|0x0000000702c00000, 0x0000000702c00000, 0x0000000702e00000|  0%| F|  |TAMS 0x0000000702c00000, 0x0000000702c00000| Untracked 
|  17|0x0000000702e00000, 0x0000000702e00000, 0x0000000703000000|  0%| F|  |TAMS 0x0000000702e00000, 0x0000000702e00000| Untracked 
|  18|0x0000000703000000, 0x0000000703000000, 0x0000000703200000|  0%| F|  |TAMS 0x0000000703000000, 0x0000000703000000| Untracked 
|  19|0x0000000703200000, 0x0000000703200000, 0x0000000703400000|  0%| F|  |TAMS 0x0000000703200000, 0x0000000703200000| Untracked 
|  20|0x0000000703400000, 0x0000000703400000, 0x0000000703600000|  0%| F|  |TAMS 0x0000000703400000, 0x0000000703400000| Untracked 
|  21|0x0000000703600000, 0x0000000703600000, 0x0000000703800000|  0%| F|  |TAMS 0x0000000703600000, 0x0000000703600000| Untracked 
|  22|0x0000000703800000, 0x0000000703800000, 0x0000000703a00000|  0%| F|  |TAMS 0x0000000703800000, 0x0000000703800000| Untracked 
|  23|0x0000000703a00000, 0x0000000703a00000, 0x0000000703c00000|  0%| F|  |TAMS 0x0000000703a00000, 0x0000000703a00000| Untracked 
|  24|0x0000000703c00000, 0x0000000703c00000, 0x0000000703e00000|  0%| F|  |TAMS 0x0000000703c00000, 0x0000000703c00000| Untracked 
|  25|0x0000000703e00000, 0x0000000703e00000, 0x0000000704000000|  0%| F|  |TAMS 0x0000000703e00000, 0x0000000703e00000| Untracked 
|  26|0x0000000704000000, 0x0000000704000000, 0x0000000704200000|  0%| F|  |TAMS 0x0000000704000000, 0x0000000704000000| Untracked 
|  27|0x0000000704200000, 0x0000000704200000, 0x0000000704400000|  0%| F|  |TAMS 0x0000000704200000, 0x0000000704200000| Untracked 
|  28|0x0000000704400000, 0x0000000704400000, 0x0000000704600000|  0%| F|  |TAMS 0x0000000704400000, 0x0000000704400000| Untracked 
|  29|0x0000000704600000, 0x0000000704600000, 0x0000000704800000|  0%| F|  |TAMS 0x0000000704600000, 0x0000000704600000| Untracked 
|  30|0x0000000704800000, 0x0000000704800000, 0x0000000704a00000|  0%| F|  |TAMS 0x0000000704800000, 0x0000000704800000| Untracked 
|  31|0x0000000704a00000, 0x0000000704a00000, 0x0000000704c00000|  0%| F|  |TAMS 0x0000000704a00000, 0x0000000704a00000| Untracked 
|  32|0x0000000704c00000, 0x0000000704c00000, 0x0000000704e00000|  0%| F|  |TAMS 0x0000000704c00000, 0x0000000704c00000| Untracked 
|  33|0x0000000704e00000, 0x0000000704e00000, 0x0000000705000000|  0%| F|  |TAMS 0x0000000704e00000, 0x0000000704e00000| Untracked 
|  34|0x0000000705000000, 0x0000000705000000, 0x0000000705200000|  0%| F|  |TAMS 0x0000000705000000, 0x0000000705000000| Untracked 
|  35|0x0000000705200000, 0x0000000705200000, 0x0000000705400000|  0%| F|  |TAMS 0x0000000705200000, 0x0000000705200000| Untracked 
|  36|0x0000000705400000, 0x0000000705400000, 0x0000000705600000|  0%| F|  |TAMS 0x0000000705400000, 0x0000000705400000| Untracked 
|  37|0x0000000705600000, 0x0000000705600000, 0x0000000705800000|  0%| F|  |TAMS 0x0000000705600000, 0x0000000705600000| Untracked 
|  38|0x0000000705800000, 0x0000000705800000, 0x0000000705a00000|  0%| F|  |TAMS 0x0000000705800000, 0x0000000705800000| Untracked 
|  39|0x0000000705a00000, 0x0000000705a00000, 0x0000000705c00000|  0%| F|  |TAMS 0x0000000705a00000, 0x0000000705a00000| Untracked 
|  40|0x0000000705c00000, 0x0000000705c00000, 0x0000000705e00000|  0%| F|  |TAMS 0x0000000705c00000, 0x0000000705c00000| Untracked 
|  41|0x0000000705e00000, 0x0000000705e00000, 0x0000000706000000|  0%| F|  |TAMS 0x0000000705e00000, 0x0000000705e00000| Untracked 
|  42|0x0000000706000000, 0x0000000706000000, 0x0000000706200000|  0%| F|  |TAMS 0x0000000706000000, 0x0000000706000000| Untracked 
|  43|0x0000000706200000, 0x0000000706200000, 0x0000000706400000|  0%| F|  |TAMS 0x0000000706200000, 0x0000000706200000| Untracked 
|  44|0x0000000706400000, 0x0000000706400000, 0x0000000706600000|  0%| F|  |TAMS 0x0000000706400000, 0x0000000706400000| Untracked 
|  45|0x0000000706600000, 0x0000000706600000, 0x0000000706800000|  0%| F|  |TAMS 0x0000000706600000, 0x0000000706600000| Untracked 
|  46|0x0000000706800000, 0x0000000706800000, 0x0000000706a00000|  0%| F|  |TAMS 0x0000000706800000, 0x0000000706800000| Untracked 
|  47|0x0000000706a00000, 0x0000000706a00000, 0x0000000706c00000|  0%| F|  |TAMS 0x0000000706a00000, 0x0000000706a00000| Untracked 
|  48|0x0000000706c00000, 0x0000000706c00000, 0x0000000706e00000|  0%| F|  |TAMS 0x0000000706c00000, 0x0000000706c00000| Untracked 
|  49|0x0000000706e00000, 0x0000000706e00000, 0x0000000707000000|  0%| F|  |TAMS 0x0000000706e00000, 0x0000000706e00000| Untracked 
|  50|0x0000000707000000, 0x0000000707000000, 0x0000000707200000|  0%| F|  |TAMS 0x0000000707000000, 0x0000000707000000| Untracked 
|  51|0x0000000707200000, 0x0000000707200000, 0x0000000707400000|  0%| F|  |TAMS 0x0000000707200000, 0x0000000707200000| Untracked 
|  52|0x0000000707400000, 0x0000000707400000, 0x0000000707600000|  0%| F|  |TAMS 0x0000000707400000, 0x0000000707400000| Untracked 
|  53|0x0000000707600000, 0x0000000707600000, 0x0000000707800000|  0%| F|  |TAMS 0x0000000707600000, 0x0000000707600000| Untracked 
|  54|0x0000000707800000, 0x0000000707800000, 0x0000000707a00000|  0%| F|  |TAMS 0x0000000707800000, 0x0000000707800000| Untracked 
|  55|0x0000000707a00000, 0x0000000707a00000, 0x0000000707c00000|  0%| F|  |TAMS 0x0000000707a00000, 0x0000000707a00000| Untracked 
|  56|0x0000000707c00000, 0x0000000707c00000, 0x0000000707e00000|  0%| F|  |TAMS 0x0000000707c00000, 0x0000000707c00000| Untracked 
|  57|0x0000000707e00000, 0x0000000707e00000, 0x0000000708000000|  0%| F|  |TAMS 0x0000000707e00000, 0x0000000707e00000| Untracked 
|  58|0x0000000708000000, 0x0000000708000000, 0x0000000708200000|  0%| F|  |TAMS 0x0000000708000000, 0x0000000708000000| Untracked 
|  59|0x0000000708200000, 0x0000000708200000, 0x0000000708400000|  0%| F|  |TAMS 0x0000000708200000, 0x0000000708200000| Untracked 
|  60|0x0000000708400000, 0x0000000708400000, 0x0000000708600000|  0%| F|  |TAMS 0x0000000708400000, 0x0000000708400000| Untracked 
|  61|0x0000000708600000, 0x0000000708600000, 0x0000000708800000|  0%| F|  |TAMS 0x0000000708600000, 0x0000000708600000| Untracked 
|  62|0x0000000708800000, 0x0000000708800000, 0x0000000708a00000|  0%| F|  |TAMS 0x0000000708800000, 0x0000000708800000| Untracked 
|  63|0x0000000708a00000, 0x0000000708a00000, 0x0000000708c00000|  0%| F|  |TAMS 0x0000000708a00000, 0x0000000708a00000| Untracked 
|  64|0x0000000708c00000, 0x0000000708c00000, 0x0000000708e00000|  0%| F|  |TAMS 0x0000000708c00000, 0x0000000708c00000| Untracked 
|  65|0x0000000708e00000, 0x0000000708e00000, 0x0000000709000000|  0%| F|  |TAMS 0x0000000708e00000, 0x0000000708e00000| Untracked 
|  66|0x0000000709000000, 0x0000000709000000, 0x0000000709200000|  0%| F|  |TAMS 0x0000000709000000, 0x0000000709000000| Untracked 
|  67|0x0000000709200000, 0x0000000709200000, 0x0000000709400000|  0%| F|  |TAMS 0x0000000709200000, 0x0000000709200000| Untracked 
|  68|0x0000000709400000, 0x0000000709400000, 0x0000000709600000|  0%| F|  |TAMS 0x0000000709400000, 0x0000000709400000| Untracked 
|  69|0x0000000709600000, 0x0000000709600000, 0x0000000709800000|  0%| F|  |TAMS 0x0000000709600000, 0x0000000709600000| Untracked 
|  70|0x0000000709800000, 0x0000000709800000, 0x0000000709a00000|  0%| F|  |TAMS 0x0000000709800000, 0x0000000709800000| Untracked 
|  71|0x0000000709a00000, 0x0000000709a00000, 0x0000000709c00000|  0%| F|  |TAMS 0x0000000709a00000, 0x0000000709a00000| Untracked 
|  72|0x0000000709c00000, 0x0000000709c00000, 0x0000000709e00000|  0%| F|  |TAMS 0x0000000709c00000, 0x0000000709c00000| Untracked 
|  73|0x0000000709e00000, 0x0000000709e00000, 0x000000070a000000|  0%| F|  |TAMS 0x0000000709e00000, 0x0000000709e00000| Untracked 
|  74|0x000000070a000000, 0x000000070a000000, 0x000000070a200000|  0%| F|  |TAMS 0x000000070a000000, 0x000000070a000000| Untracked 
|  75|0x000000070a200000, 0x000000070a200000, 0x000000070a400000|  0%| F|  |TAMS 0x000000070a200000, 0x000000070a200000| Untracked 
|  76|0x000000070a400000, 0x000000070a400000, 0x000000070a600000|  0%| F|  |TAMS 0x000000070a400000, 0x000000070a400000| Untracked 
|  77|0x000000070a600000, 0x000000070a600000, 0x000000070a800000|  0%| F|  |TAMS 0x000000070a600000, 0x000000070a600000| Untracked 
|  78|0x000000070a800000, 0x000000070a800000, 0x000000070aa00000|  0%| F|  |TAMS 0x000000070a800000, 0x000000070a800000| Untracked 
|  79|0x000000070aa00000, 0x000000070aa00000, 0x000000070ac00000|  0%| F|  |TAMS 0x000000070aa00000, 0x000000070aa00000| Untracked 
|  80|0x000000070ac00000, 0x000000070ac00000, 0x000000070ae00000|  0%| F|  |TAMS 0x000000070ac00000, 0x000000070ac00000| Untracked 
|  81|0x000000070ae00000, 0x000000070ae00000, 0x000000070b000000|  0%| F|  |TAMS 0x000000070ae00000, 0x000000070ae00000| Untracked 
|  82|0x000000070b000000, 0x000000070b000000, 0x000000070b200000|  0%| F|  |TAMS 0x000000070b000000, 0x000000070b000000| Untracked 
|  83|0x000000070b200000, 0x000000070b200000, 0x000000070b400000|  0%| F|  |TAMS 0x000000070b200000, 0x000000070b200000| Untracked 
|  84|0x000000070b400000, 0x000000070b400000, 0x000000070b600000|  0%| F|  |TAMS 0x000000070b400000, 0x000000070b400000| Untracked 
|  85|0x000000070b600000, 0x000000070b600000, 0x000000070b800000|  0%| F|  |TAMS 0x000000070b600000, 0x000000070b600000| Untracked 
|  86|0x000000070b800000, 0x000000070b800000, 0x000000070ba00000|  0%| F|  |TAMS 0x000000070b800000, 0x000000070b800000| Untracked 
|  87|0x000000070ba00000, 0x000000070ba00000, 0x000000070bc00000|  0%| F|  |TAMS 0x000000070ba00000, 0x000000070ba00000| Untracked 
|  88|0x000000070bc00000, 0x000000070bc00000, 0x000000070be00000|  0%| F|  |TAMS 0x000000070bc00000, 0x000000070bc00000| Untracked 
|  89|0x000000070be00000, 0x000000070be00000, 0x000000070c000000|  0%| F|  |TAMS 0x000000070be00000, 0x000000070be00000| Untracked 
|  90|0x000000070c000000, 0x000000070c000000, 0x000000070c200000|  0%| F|  |TAMS 0x000000070c000000, 0x000000070c000000| Untracked 
|  91|0x000000070c200000, 0x000000070c200000, 0x000000070c400000|  0%| F|  |TAMS 0x000000070c200000, 0x000000070c200000| Untracked 
|  92|0x000000070c400000, 0x000000070c400000, 0x000000070c600000|  0%| F|  |TAMS 0x000000070c400000, 0x000000070c400000| Untracked 
|  93|0x000000070c600000, 0x000000070c600000, 0x000000070c800000|  0%| F|  |TAMS 0x000000070c600000, 0x000000070c600000| Untracked 
|  94|0x000000070c800000, 0x000000070c800000, 0x000000070ca00000|  0%| F|  |TAMS 0x000000070c800000, 0x000000070c800000| Untracked 
|  95|0x000000070ca00000, 0x000000070ca00000, 0x000000070cc00000|  0%| F|  |TAMS 0x000000070ca00000, 0x000000070ca00000| Untracked 
|  96|0x000000070cc00000, 0x000000070cc00000, 0x000000070ce00000|  0%| F|  |TAMS 0x000000070cc00000, 0x000000070cc00000| Untracked 
|  97|0x000000070ce00000, 0x000000070ce00000, 0x000000070d000000|  0%| F|  |TAMS 0x000000070ce00000, 0x000000070ce00000| Untracked 
|  98|0x000000070d000000, 0x000000070d000000, 0x000000070d200000|  0%| F|  |TAMS 0x000000070d000000, 0x000000070d000000| Untracked 
|  99|0x000000070d200000, 0x000000070d200000, 0x000000070d400000|  0%| F|  |TAMS 0x000000070d200000, 0x000000070d200000| Untracked 
| 100|0x000000070d400000, 0x000000070d400000, 0x000000070d600000|  0%| F|  |TAMS 0x000000070d400000, 0x000000070d400000| Untracked 
| 101|0x000000070d600000, 0x000000070d600000, 0x000000070d800000|  0%| F|  |TAMS 0x000000070d600000, 0x000000070d600000| Untracked 
| 102|0x000000070d800000, 0x000000070d800000, 0x000000070da00000|  0%| F|  |TAMS 0x000000070d800000, 0x000000070d800000| Untracked 
| 103|0x000000070da00000, 0x000000070da00000, 0x000000070dc00000|  0%| F|  |TAMS 0x000000070da00000, 0x000000070da00000| Untracked 
| 104|0x000000070dc00000, 0x000000070dc00000, 0x000000070de00000|  0%| F|  |TAMS 0x000000070dc00000, 0x000000070dc00000| Untracked 
| 105|0x000000070de00000, 0x000000070de00000, 0x000000070e000000|  0%| F|  |TAMS 0x000000070de00000, 0x000000070de00000| Untracked 
| 106|0x000000070e000000, 0x000000070e000000, 0x000000070e200000|  0%| F|  |TAMS 0x000000070e000000, 0x000000070e000000| Untracked 
| 107|0x000000070e200000, 0x000000070e200000, 0x000000070e400000|  0%| F|  |TAMS 0x000000070e200000, 0x000000070e200000| Untracked 
| 108|0x000000070e400000, 0x000000070e400000, 0x000000070e600000|  0%| F|  |TAMS 0x000000070e400000, 0x000000070e400000| Untracked 
| 109|0x000000070e600000, 0x000000070e600000, 0x000000070e800000|  0%| F|  |TAMS 0x000000070e600000, 0x000000070e600000| Untracked 
| 110|0x000000070e800000, 0x000000070e800000, 0x000000070ea00000|  0%| F|  |TAMS 0x000000070e800000, 0x000000070e800000| Untracked 
| 111|0x000000070ea00000, 0x000000070ea00000, 0x000000070ec00000|  0%| F|  |TAMS 0x000000070ea00000, 0x000000070ea00000| Untracked 
| 112|0x000000070ec00000, 0x000000070ec00000, 0x000000070ee00000|  0%| F|  |TAMS 0x000000070ec00000, 0x000000070ec00000| Untracked 
| 113|0x000000070ee00000, 0x000000070ee00000, 0x000000070f000000|  0%| F|  |TAMS 0x000000070ee00000, 0x000000070ee00000| Untracked 
| 114|0x000000070f000000, 0x000000070f000000, 0x000000070f200000|  0%| F|  |TAMS 0x000000070f000000, 0x000000070f000000| Untracked 
| 115|0x000000070f200000, 0x000000070f200000, 0x000000070f400000|  0%| F|  |TAMS 0x000000070f200000, 0x000000070f200000| Untracked 
| 116|0x000000070f400000, 0x000000070f400000, 0x000000070f600000|  0%| F|  |TAMS 0x000000070f400000, 0x000000070f400000| Untracked 
| 117|0x000000070f600000, 0x000000070f600000, 0x000000070f800000|  0%| F|  |TAMS 0x000000070f600000, 0x000000070f600000| Untracked 
| 118|0x000000070f800000, 0x000000070f800000, 0x000000070fa00000|  0%| F|  |TAMS 0x000000070f800000, 0x000000070f800000| Untracked 
| 119|0x000000070fa00000, 0x000000070fa00000, 0x000000070fc00000|  0%| F|  |TAMS 0x000000070fa00000, 0x000000070fa00000| Untracked 
| 120|0x000000070fc00000, 0x000000070fc00000, 0x000000070fe00000|  0%| F|  |TAMS 0x000000070fc00000, 0x000000070fc00000| Untracked 
| 121|0x000000070fe00000, 0x000000070fe00000, 0x0000000710000000|  0%| F|  |TAMS 0x000000070fe00000, 0x000000070fe00000| Untracked 
| 122|0x0000000710000000, 0x0000000710000000, 0x0000000710200000|  0%| F|  |TAMS 0x0000000710000000, 0x0000000710000000| Untracked 
| 123|0x0000000710200000, 0x0000000710200000, 0x0000000710400000|  0%| F|  |TAMS 0x0000000710200000, 0x0000000710200000| Untracked 
| 124|0x0000000710400000, 0x0000000710400000, 0x0000000710600000|  0%| F|  |TAMS 0x0000000710400000, 0x0000000710400000| Untracked 
| 125|0x0000000710600000, 0x000000071079dde0, 0x0000000710800000| 80%| E|  |TAMS 0x0000000710600000, 0x0000000710600000| Complete 
| 126|0x0000000710800000, 0x0000000710a00000, 0x0000000710a00000|100%| E|CS|TAMS 0x0000000710800000, 0x0000000710800000| Complete 
| 127|0x0000000710a00000, 0x0000000710c00000, 0x0000000710c00000|100%| E|CS|TAMS 0x0000000710a00000, 0x0000000710a00000| Complete 

Card table byte_map: [0x000001f0124a0000,0x000001f012ca0000] _byte_map_base: 0x000001f00ec9a000

Marking Bits (Prev, Next): (CMBitMap*) 0x000001f07ed84230, (CMBitMap*) 0x000001f07ed84270
 Prev Bits: [0x000001f0134a0000, 0x000001f017470000)
 Next Bits: [0x000001f017470000, 0x000001f01b440000)

Polling page: 0x000001f07e510000

Metaspace:

Usage:
  Non-class:      8.26 MB used.
      Class:    787.80 KB used.
       Both:      9.03 MB used.

Virtual space:
  Non-class space:       16.00 MB reserved,       8.38 MB ( 52%) committed,  2 nodes.
      Class space:        1.00 GB reserved,     832.00 KB ( <1%) committed,  1 nodes.
              Both:        1.02 GB reserved,       9.19 MB ( <1%) committed. 

Chunk freelists:
   Non-Class:  2.73 MB
       Class:  3.22 MB
        Both:  5.96 MB

MaxMetaspaceSize: 17179869184.00 GB
CompressedClassSpaceSize: 1.00 GB
 - commit_granule_bytes: 65536.
 - commit_granule_words: 8192.
 - virtual_space_node_default_size: 1048576.
 - enlarge_chunks_in_place: 1.
 - new_chunks_are_fully_committed: 0.
 - uncommit_free_chunks: 1.
 - use_allocation_guard: 0.
 - handle_deallocations: 1.


Internal statistics:

num_allocs_failed_limit: 0.
num_arena_births: 10.
num_arena_deaths: 0.
num_vsnodes_births: 3.
num_vsnodes_deaths: 0.
num_space_committed: 147.
num_space_uncommitted: 0.
num_chunks_returned_to_freelist: 0.
num_chunks_taken_from_freelist: 50.
num_chunk_merges: 0.
num_chunk_splits: 20.
num_chunks_enlarged: 12.
num_purges: 0.

CodeHeap 'non-profiled nmethods': size=120000Kb used=120Kb max_used=120Kb free=119879Kb
 bounds [0x000001f00af70000, 0x000001f00b1e0000, 0x000001f0124a0000]
CodeHeap 'profiled nmethods': size=120000Kb used=569Kb max_used=569Kb free=119430Kb
 bounds [0x000001f003a40000, 0x000001f003cb0000, 0x000001f00af70000]
CodeHeap 'non-nmethods': size=5760Kb used=1199Kb max_used=1217Kb free=4561Kb
 bounds [0x000001f0034a0000, 0x000001f003710000, 0x000001f003a40000]
 total_blobs=814 nmethods=411 adapters=316
 compilation: enabled
              stopped_count=0, restarted_count=0
 full_count=0

Compilation events (20 events):
Event: 359.931 Thread 0x000001f01e457ff0  404       3       org.eclipse.jdt.launching.internal.org.objectweb.asm.SymbolTable::hash (10 bytes)
Event: 359.931 Thread 0x000001f01e457ff0 nmethod 404 0x000001f003acbd10 code [0x000001f003acbec0, 0x000001f003acc008]
Event: 376.922 Thread 0x000001f01e457ff0  405       3       org.eclipse.jdt.launching.internal.org.objectweb.asm.ClassReader::readUtf (161 bytes)
Event: 376.923 Thread 0x000001f01e475490  410       4       java.lang.AbstractStringBuilder::ensureCapacityInternal (39 bytes)
Event: 376.923 Thread 0x000001f01e457ff0 nmethod 405 0x000001f003acc110 code [0x000001f003acc2e0, 0x000001f003acc7a8]
Event: 376.923 Thread 0x000001f01e457ff0  406       3       org.eclipse.jdt.launching.internal.org.objectweb.asm.ClassReader::readUTF8 (23 bytes)
Event: 376.926 Thread 0x000001f01e457ff0 

Event: 376.926 Thread 0x000001f01e457ff0  408       3       org.eclipse.jdt.launching.internal.org.objectweb.asm.Symbol::<init> (38 bytes)
Event: 376.926 Thread 0x000001f01e457ff0 nmethod 408 0x000001f003acca90 code [0x000001f003accc40, 0x000001f003accef8]
Event: 376.926 Thread 0x000001f01e457ff0  407       3       org.eclipse.jdt.launching.internal.org.objectweb.asm.SymbolTable$Entry::<init> (17 bytes)
Event: 376.927 Thread 0x000001f01e457ff0 nmethod 407 0x000001f003acd010 code [0x000001f003acd1c0, 0x000001f003acd368]
Event: 376.927 Thread 0x000001f01e457ff0  409       3       org.eclipse.jdt.launching.internal.org.objectweb.asm.SymbolTable::add (39 bytes)
Event: 376.927 Thread 0x000001f01e457ff0 nmethod 409 0x000001f003acd410 code [0x000001f003acd5c0, 0x000001f003acd938]
Event: 376.930 Thread 0x000001f01e475490 

Event: 376.930 Thread 0x000001f01e475490  411       4       org.eclipse.jdt.launching.internal.org.objectweb.asm.ClassReader::readUnsignedShort (26 bytes)
Event: 376.931 Thread 0x000001f01e475490 nmethod 411 0x000001f00af8de10 code [0x000001f00af8dfa0, 0x000001f00af8e0b8]
Event: 464.460 Thread 0x000001f01e457ff0  412       3       org.eclipse.jdt.launching.internal.org.objectweb.asm.SymbolTable::addConstantUtf8 (20 bytes)
Event: 464.460 Thread 0x000001f01e457ff0 nmethod 412 0x000001f003acda90 code [0x000001f003acdc60, 0x000001f003acdf28]
Event: 482.834 Thread 0x000001f01e457ff0  413       3       org.eclipse.jdt.launching.internal.org.objectweb.asm.ClassReader::readUTF8 (23 bytes)
Event: 482.834 Thread 0x000001f01e457ff0 nmethod 413 0x000001f003ace090 code [0x000001f003ace260, 0x000001f003ace4b8]

GC Heap History (0 events):
No events

Deoptimization events (20 events):
Event: 0.774 Thread 0x000001f07ed328c0 DEOPT PACKING pc=0x000001f003ab26fc sp=0x0000005b7fcf7ff0
Event: 0.774 Thread 0x000001f07ed328c0 DEOPT UNPACKING pc=0x000001f0034edece sp=0x0000005b7fcf7458 mode 0
Event: 0.774 Thread 0x000001f07ed328c0 DEOPT PACKING pc=0x000001f003ab26fc sp=0x0000005b7fcf7ff0
Event: 0.774 Thread 0x000001f07ed328c0 DEOPT UNPACKING pc=0x000001f0034edece sp=0x0000005b7fcf7458 mode 0
Event: 0.775 Thread 0x000001f07ed328c0 DEOPT PACKING pc=0x000001f003ab26fc sp=0x0000005b7fcf7ff0
Event: 0.775 Thread 0x000001f07ed328c0 DEOPT UNPACKING pc=0x000001f0034edece sp=0x0000005b7fcf7458 mode 0
Event: 0.775 Thread 0x000001f07ed328c0 DEOPT PACKING pc=0x000001f003ab26fc sp=0x0000005b7fcf7ff0
Event: 0.775 Thread 0x000001f07ed328c0 DEOPT UNPACKING pc=0x000001f0034edece sp=0x0000005b7fcf7458 mode 0
Event: 0.776 Thread 0x000001f07ed328c0 DEOPT PACKING pc=0x000001f003ab26fc sp=0x0000005b7fcf7ff0
Event: 0.776 Thread 0x000001f07ed328c0 DEOPT UNPACKING pc=0x000001f0034edece sp=0x0000005b7fcf7458 mode 0
Event: 0.781 Thread 0x000001f07ed328c0 DEOPT PACKING pc=0x000001f003ab26fc sp=0x0000005b7fcfba20
Event: 0.781 Thread 0x000001f07ed328c0 DEOPT UNPACKING pc=0x000001f0034edece sp=0x0000005b7fcfae88 mode 0
Event: 0.781 Thread 0x000001f07ed328c0 DEOPT PACKING pc=0x000001f003ab26fc sp=0x0000005b7fcfba20
Event: 0.781 Thread 0x000001f07ed328c0 DEOPT UNPACKING pc=0x000001f0034edece sp=0x0000005b7fcfae88 mode 0
Event: 0.781 Thread 0x000001f07ed328c0 DEOPT PACKING pc=0x000001f003ab26fc sp=0x0000005b7fcfba20
Event: 0.781 Thread 0x000001f07ed328c0 DEOPT UNPACKING pc=0x000001f0034edece sp=0x0000005b7fcfae88 mode 0
Event: 0.787 Thread 0x000001f07ed328c0 DEOPT PACKING pc=0x000001f003ab26fc sp=0x0000005b7fcfb3b0
Event: 0.787 Thread 0x000001f07ed328c0 DEOPT UNPACKING pc=0x000001f0034edece sp=0x0000005b7fcfa818 mode 0
Event: 0.789 Thread 0x000001f07ed328c0 DEOPT PACKING pc=0x000001f003ab26fc sp=0x0000005b7fcfba20
Event: 0.789 Thread 0x000001f07ed328c0 DEOPT UNPACKING pc=0x000001f0034edece sp=0x0000005b7fcfae88 mode 0

Classes unloaded (0 events):
No events

Classes redefined (5 events):
Event: 128.043 Thread 0x000001f01e4029c0 redefined class name=n1fase3.Main, count=1
Event: 359.929 Thread 0x000001f01e4029c0 redefined class name=n1fase3.Main, count=2
Event: 376.924 Thread 0x000001f01e4029c0 redefined class name=n1fase3.Main, count=3
Event: 464.461 Thread 0x000001f01e4029c0 redefined class name=n1fase3.Main, count=4
Event: 482.835 Thread 0x000001f01e4029c0 redefined class name=n1fase3.Main, count=5

Internal exceptions (1 events):
Event: 0.753 Thread 0x000001f07ed328c0 Exception <a 'java/lang/NoSuchMethodError'{0x000000071069cdf0}: 'java.lang.Object java.lang.invoke.DirectMethodHandle$Holder.invokeStatic(java.lang.Object)'> (0x000000071069cdf0) 
thrown [t:\workspace\open\src\hotspot\share\interpreter\linkResolver.cpp, line 790]

Events (20 events):
Event: 457.157 Executing  VM operation: ChangeBreakpoints done
Event: 460.469 Executing  VM operation: ChangeBreakpoints
Event: 460.469 Executing  VM operation: ChangeBreakpoints done
Event: 464.460 Executing  VM operation: RedefineClasses
Event: 464.464 Executing  VM operation: RedefineClasses done
Event: 464.470 Executing  VM operation: ChangeBreakpoints
Event: 464.470 Executing  VM operation: ChangeBreakpoints done
Event: 464.477 Executing  VM operation: ChangeBreakpoints
Event: 464.477 Executing  VM operation: ChangeBreakpoints done
Event: 464.477 Executing  VM operation: ChangeBreakpoints
Event: 464.478 Executing  VM operation: ChangeBreakpoints done
Event: 482.834 Executing  VM operation: RedefineClasses
Event: 482.838 Executing  VM operation: RedefineClasses done
Event: 482.844 Executing  VM operation: ChangeBreakpoints
Event: 482.844 Executing  VM operation: ChangeBreakpoints done
Event: 482.853 Executing  VM operation: ChangeBreakpoints
Event: 482.853 Executing  VM operation: ChangeBreakpoints done
Event: 482.853 Executing  VM operation: ChangeBreakpoints
Event: 482.854 Executing  VM operation: ChangeBreakpoints done
Event: 528.694 Executing  VM operation: get/set locals


Dynamic libraries:
0x00007ff6d7de0000 - 0x00007ff6d7dee000 	C:\Users\sarag\Desktop\eclipse\plugins\org.eclipse.justj.openjdk.hotspot.jre.full.win32.x86_64_16.0.2.v20210721-1149\jre\bin\javaw.exe
0x00007ffd32710000 - 0x00007ffd32905000 	C:\WINDOWS\SYSTEM32\ntdll.dll
0x00007ffd30ff0000 - 0x00007ffd310ae000 	C:\WINDOWS\System32\KERNEL32.DLL
0x00007ffd303a0000 - 0x00007ffd30668000 	C:\WINDOWS\System32\KERNELBASE.dll
0x00007ffd30130000 - 0x00007ffd30230000 	C:\WINDOWS\System32\ucrtbase.dll
0x00007ffd2ac10000 - 0x00007ffd2ac29000 	C:\Users\sarag\Desktop\eclipse\plugins\org.eclipse.justj.openjdk.hotspot.jre.full.win32.x86_64_16.0.2.v20210721-1149\jre\bin\VCRUNTIME140.dll
0x00007ffd2ac30000 - 0x00007ffd2ac48000 	C:\Users\sarag\Desktop\eclipse\plugins\org.eclipse.justj.openjdk.hotspot.jre.full.win32.x86_64_16.0.2.v20210721-1149\jre\bin\jli.dll
0x00007ffd310b0000 - 0x00007ffd31251000 	C:\WINDOWS\System32\USER32.dll
0x00007ffd2fe20000 - 0x00007ffd2fe42000 	C:\WINDOWS\System32\win32u.dll
0x00007ffd318b0000 - 0x00007ffd318db000 	C:\WINDOWS\System32\GDI32.dll
0x00007ffd30290000 - 0x00007ffd3039d000 	C:\WINDOWS\System32\gdi32full.dll
0x00007ffd2f120000 - 0x00007ffd2f3ba000 	C:\WINDOWS\WinSxS\amd64_microsoft.windows.common-controls_6595b64144ccf1df_6.0.19041.1110_none_60b5254171f9507e\COMCTL32.dll
0x00007ffd2fe50000 - 0x00007ffd2feed000 	C:\WINDOWS\System32\msvcp_win.dll
0x00007ffd31760000 - 0x00007ffd317fe000 	C:\WINDOWS\System32\msvcrt.dll
0x00007ffd31260000 - 0x00007ffd31290000 	C:\WINDOWS\System32\IMM32.DLL
0x00007ffd2d3f0000 - 0x00007ffd2d420000 	C:\PROGRA~1\BULLGU~1\BULLGU~1\BgAgent.dll
0x00007ffd30df0000 - 0x00007ffd30e9c000 	C:\WINDOWS\System32\ADVAPI32.dll
0x00007ffd312f0000 - 0x00007ffd3138b000 	C:\WINDOWS\System32\sechost.dll
0x00007ffd31da0000 - 0x00007ffd31eca000 	C:\WINDOWS\System32\RPCRT4.dll
0x00007ffd18280000 - 0x00007ffd1828c000 	C:\Users\sarag\Desktop\eclipse\plugins\org.eclipse.justj.openjdk.hotspot.jre.full.win32.x86_64_16.0.2.v20210721-1149\jre\bin\vcruntime140_1.dll
0x00007ffd15900000 - 0x00007ffd15991000 	C:\Users\sarag\Desktop\eclipse\plugins\org.eclipse.justj.openjdk.hotspot.jre.full.win32.x86_64_16.0.2.v20210721-1149\jre\bin\msvcp140.dll
0x00007ffcdd0a0000 - 0x00007ffcddc4b000 	C:\Users\sarag\Desktop\eclipse\plugins\org.eclipse.justj.openjdk.hotspot.jre.full.win32.x86_64_16.0.2.v20210721-1149\jre\bin\server\jvm.dll
0x00007ffd30c30000 - 0x00007ffd30c38000 	C:\WINDOWS\System32\PSAPI.DLL
0x00007ffd28740000 - 0x00007ffd2874a000 	C:\WINDOWS\SYSTEM32\VERSION.dll
0x00007ffd231d0000 - 0x00007ffd231f7000 	C:\WINDOWS\SYSTEM32\WINMM.dll
0x00007ffd298c0000 - 0x00007ffd298c9000 	C:\WINDOWS\SYSTEM32\WSOCK32.dll
0x00007ffd318e0000 - 0x00007ffd3194b000 	C:\WINDOWS\System32\WS2_32.dll
0x00007ffd2d050000 - 0x00007ffd2d062000 	C:\WINDOWS\SYSTEM32\kernel.appcore.dll
0x00007ffd298b0000 - 0x00007ffd298ba000 	C:\Users\sarag\Desktop\eclipse\plugins\org.eclipse.justj.openjdk.hotspot.jre.full.win32.x86_64_16.0.2.v20210721-1149\jre\bin\jimage.dll
0x00007ffd2f820000 - 0x00007ffd2fa04000 	C:\WINDOWS\SYSTEM32\DBGHELP.DLL
0x00007ffd2f7f0000 - 0x00007ffd2f81c000 	C:\WINDOWS\SYSTEM32\dbgcore.DLL
0x00007ffd2ff40000 - 0x00007ffd2ffc2000 	C:\WINDOWS\System32\bcryptPrimitives.dll
0x00007ffd17f30000 - 0x00007ffd17f6b000 	C:\Users\sarag\Desktop\eclipse\plugins\org.eclipse.justj.openjdk.hotspot.jre.full.win32.x86_64_16.0.2.v20210721-1149\jre\bin\jdwp.dll
0x00007ffd17f20000 - 0x00007ffd17f2e000 	C:\Users\sarag\Desktop\eclipse\plugins\org.eclipse.justj.openjdk.hotspot.jre.full.win32.x86_64_16.0.2.v20210721-1149\jre\bin\instrument.dll
0x00007ffd29880000 - 0x00007ffd298a5000 	C:\Users\sarag\Desktop\eclipse\plugins\org.eclipse.justj.openjdk.hotspot.jre.full.win32.x86_64_16.0.2.v20210721-1149\jre\bin\java.dll
0x00007ffd18550000 - 0x00007ffd18568000 	C:\Users\sarag\Desktop\eclipse\plugins\org.eclipse.justj.openjdk.hotspot.jre.full.win32.x86_64_16.0.2.v20210721-1149\jre\bin\zip.dll
0x00007ffd31ed0000 - 0x00007ffd32614000 	C:\WINDOWS\System32\SHELL32.dll
0x00007ffd2d8e0000 - 0x00007ffd2e074000 	C:\WINDOWS\SYSTEM32\windows.storage.dll
0x00007ffd313f0000 - 0x00007ffd31745000 	C:\WINDOWS\System32\combase.dll
0x00007ffd2f3c0000 - 0x00007ffd2f3ee000 	C:\WINDOWS\SYSTEM32\Wldp.dll
0x00007ffd32620000 - 0x00007ffd326cd000 	C:\WINDOWS\System32\SHCORE.dll
0x00007ffd31290000 - 0x00007ffd312e5000 	C:\WINDOWS\System32\shlwapi.dll
0x00007ffd2fd60000 - 0x00007ffd2fd7f000 	C:\WINDOWS\SYSTEM32\profapi.dll
0x00007ffd17e30000 - 0x00007ffd17e3c000 	C:\Users\sarag\Desktop\eclipse\plugins\org.eclipse.justj.openjdk.hotspot.jre.full.win32.x86_64_16.0.2.v20210721-1149\jre\bin\dt_socket.dll
0x00007ffd2eb90000 - 0x00007ffd2ebcb000 	C:\WINDOWS\SYSTEM32\IPHLPAPI.DLL
0x00007ffd2eea0000 - 0x00007ffd2ef0a000 	C:\WINDOWS\system32\mswsock.dll
0x00007ffd2ebd0000 - 0x00007ffd2ec9b000 	C:\WINDOWS\SYSTEM32\DNSAPI.dll
0x00007ffd31750000 - 0x00007ffd31758000 	C:\WINDOWS\System32\NSI.dll
0x00007ffd25480000 - 0x00007ffd2548a000 	C:\Windows\System32\rasadhlp.dll
0x00007ffd241c0000 - 0x00007ffd2423f000 	C:\WINDOWS\System32\fwpuclnt.dll
0x00007ffd30670000 - 0x00007ffd30697000 	C:\WINDOWS\System32\bcrypt.dll
0x00007ffd02c30000 - 0x00007ffd02c49000 	C:\Users\sarag\Desktop\eclipse\plugins\org.eclipse.justj.openjdk.hotspot.jre.full.win32.x86_64_16.0.2.v20210721-1149\jre\bin\net.dll
0x00007ffd1e330000 - 0x00007ffd1e43c000 	C:\WINDOWS\SYSTEM32\WINHTTP.dll
0x00007ffd02c10000 - 0x00007ffd02c23000 	C:\Users\sarag\Desktop\eclipse\plugins\org.eclipse.justj.openjdk.hotspot.jre.full.win32.x86_64_16.0.2.v20210721-1149\jre\bin\nio.dll
0x00007ffd02bc0000 - 0x00007ffd02bd0000 	C:\Users\sarag\Desktop\eclipse\plugins\org.eclipse.justj.openjdk.hotspot.jre.full.win32.x86_64_16.0.2.v20210721-1149\jre\bin\verify.dll

dbghelp: loaded successfully - version: 4.0.5 - missing functions: none
symbol engine: initialized successfully - sym options: 0x614 - pdb path: .;C:\Users\sarag\Desktop\eclipse\plugins\org.eclipse.justj.openjdk.hotspot.jre.full.win32.x86_64_16.0.2.v20210721-1149\jre\bin;C:\WINDOWS\SYSTEM32;C:\WINDOWS\WinSxS\amd64_microsoft.windows.common-controls_6595b64144ccf1df_6.0.19041.1110_none_60b5254171f9507e;C:\PROGRA~1\BULLGU~1\BULLGU~1;C:\Users\sarag\Desktop\eclipse\plugins\org.eclipse.justj.openjdk.hotspot.jre.full.win32.x86_64_16.0.2.v20210721-1149\jre\bin\server

VM Arguments:
jvm_args: -XX:+ShowCodeDetailsInExceptionMessages -agentlib:jdwp=transport=dt_socket,suspend=y,address=localhost:58712 -javaagent:C:\Users\sarag\Desktop\eclipse\configuration\org.eclipse.osgi\415\0\.cp\lib\javaagent-shaded.jar -Dfile.encoding=UTF-8 
java_command: n1fase3.Main
java_class_path (initial): C:\Users\sarag\Desktop\Cosas programacion\Intinerari mentoritzat\Tasca.S01.08\bin
Launcher Type: SUN_STANDARD

[Global flags]
     intx CICompilerCount                          = 4                                         {product} {ergonomic}
     uint ConcGCThreads                            = 2                                         {product} {ergonomic}
     uint G1ConcRefinementThreads                  = 8                                         {product} {ergonomic}
   size_t G1HeapRegionSize                         = 2097152                                   {product} {ergonomic}
    uintx GCDrainStackTargetSize                   = 64                                        {product} {ergonomic}
   size_t InitialHeapSize                          = 268435456                                 {product} {ergonomic}
   size_t MarkStackSize                            = 4194304                                   {product} {ergonomic}
   size_t MaxHeapSize                              = 4282384384                                {product} {ergonomic}
   size_t MaxNewSize                               = 2569011200                                {product} {ergonomic}
   size_t MinHeapDeltaBytes                        = 2097152                                   {product} {ergonomic}
   size_t MinHeapSize                              = 8388608                                   {product} {ergonomic}
    uintx NonNMethodCodeHeapSize                   = 5839372                                {pd product} {ergonomic}
    uintx NonProfiledCodeHeapSize                  = 122909434                              {pd product} {ergonomic}
    uintx ProfiledCodeHeapSize                     = 122909434                              {pd product} {ergonomic}
    uintx ReservedCodeCacheSize                    = 251658240                              {pd product} {ergonomic}
     bool SegmentedCodeCache                       = true                                      {product} {ergonomic}
     bool ShowCodeDetailsInExceptionMessages       = true                                   {manageable} {command line}
   size_t SoftMaxHeapSize                          = 4282384384                             {manageable} {ergonomic}
     bool UseCompressedClassPointers               = true                           {product lp64_product} {ergonomic}
     bool UseCompressedOops                        = true                           {product lp64_product} {ergonomic}
     bool UseG1GC                                  = true                                      {product} {ergonomic}
     bool UseLargePagesIndividualAllocation        = false                                  {pd product} {ergonomic}

Logging:
Log output configuration:
 #0: stdout all=warning uptime,level,tags
 #1: stderr all=off uptime,level,tags

Environment Variables:
PATH=C:\Users\sarag\Desktop\eclipse\plugins\org.eclipse.justj.openjdk.hotspot.jre.full.win32.x86_64_16.0.2.v20210721-1149\jre\bin;C:/Users/sarag/Desktop/eclipse//plugins/org.eclipse.justj.openjdk.hotspot.jre.full.win32.x86_64_16.0.2.v20210721-1149/jre/bin/server;C:/Users/sarag/Desktop/eclipse//plugins/org.eclipse.justj.openjdk.hotspot.jre.full.win32.x86_64_16.0.2.v20210721-1149/jre/bin;C:\Program Files\Java\jdk-17.0.1\bin;C:\Program Files\dotnet\;C:\Users\sarag\AppData\Local\Microsoft\WindowsApps;C:\Users\sarag\Desktop\eclipse;
USERNAME=sarag
OS=Windows_NT
PROCESSOR_IDENTIFIER=AMD64 Family 23 Model 24 Stepping 1, AuthenticAMD



---------------  S Y S T E M  ---------------

OS:
 Windows 10 , 64 bit Build 19041 (10.0.19041.1348)
OS uptime: 0 days 1:27 hours

CPU: total 8 (initial active 8) (8 cores per cpu, 2 threads per core) family 23 model 24 stepping 1 microcode 0x0, cx8, cmov, fxsr, ht, mmx, 3dnowpref, sse, sse2, sse3, ssse3, sse4a, sse4.1, sse4.2, popcnt, lzcnt, tsc, tscinvbit, avx, avx2, aes, clmul, bmi1, bmi2, adx, sha, fma, vzeroupper, clflush, clflushopt

Memory: 4k page, system-wide physical 16332M (10302M free)
TotalPageFile size 18764M (AvailPageFile size 10383M)
current process WorkingSet (physical memory assigned to process): 44M, peak: 47M
current process commit charge ("private bytes"): 343M, peak: 345M

vm_info: OpenJDK 64-Bit Server VM (16.0.2+7-67) for windows-amd64 JRE (16.0.2+7-67), built on Jun  8 2021 23:21:43 by "mach5one" with MS VC++ 16.7 (VS2019)

END.
